

1. creo il Float_Index.txt senza applicare alcun filtro ca 30 min of run




2. cancel files with lat lon blanks and discard descending profiles




3. append Data mode in the Float index in order to align dataset to CORIOLIS/ dataset structure
and cp Float_Index_type_mode.txt Float_Index.txt




Float_Index.txt created
float index filtered of latlon blanks and descending profiles added datamode as DM
discarded files not removed from the WMO directories




5.    perform  checks to avoid having corrupted files or empty vars latlon temp sal




6.   move discarded files in a directory called discarded
PrEx Fri Jan 17 10:33:25 CET 2025    > python 3_lev_discard_NC_files.py -i /g100_work/OGS_devC/camadio/GLOBIO/SEANOE_SAUZ//SFILES_FINAL_v2/ -o /g100_work/OGS_devC/camadio/GLOBIO/SEANOE_SAUZ//SFILES_FINAL_v2/discarded1/ -ifile /g100_work/OGS_devC/camadio/GLOBIO/SEANOE_SAUZ//SFILES_FINAL_v2/Discarded_PresTemp_noteq_PresSal.csv
Moving /g100_work/OGS_devC/camadio/GLOBIO/SEANOE_SAUZ//SFILES_FINAL_v2/6901775/SD6901775_001.nc to /g100_work/OGS_devC/camadio/GLOBIO/SEANOE_SAUZ//SFILES_FINAL_v2/discarded1/6901775/SD6901775_001.nc
Moving /g100_work/OGS_devC/camadio/GLOBIO/SEANOE_SAUZ//SFILES_FINAL_v2/6901775/SD6901775_002.nc to /g100_work/OGS_devC/camadio/GLOBIO/SEANOE_SAUZ//SFILES_FINAL_v2/discarded1/6901775/SD6901775_002.nc
Moving /g100_work/OGS_devC/camadio/GLOBIO/SEANOE_SAUZ//SFILES_FINAL_v2/6901775/SD6901775_003.nc to /g100_work/OGS_devC/camadio/GLOBIO/SEANOE_SAUZ//SFILES_FINAL_v2/discarded1/6901775/SD6901775_003.nc
Moving /g100_work/OGS_devC/camadio/GLOBIO/SEANOE_SAUZ//SFILES_FINAL_v2/6901775/SD6901775_004.nc to /g100_work/OGS_devC/camadio/GLOBIO/SEANOE_SAUZ//SFILES_FINAL_v2/discarded1/6901775/SD6901775_004.nc
Moving /g100_work/OGS_devC/camadio/GLOBIO/SEANOE_SAUZ//SFILES_FINAL_v2/6901775/SD6901775_005.nc to /g100_work/OGS_devC/camadio/GLOBIO/SEANOE_SAUZ//SFILES_FINAL_v2/discarded1/6901775/SD6901775_005.nc
Moving /g100_work/OGS_devC/camadio/GLOBIO/SEANOE_SAUZ//SFILES_FINAL_v2/6901775/SD6901775_006.nc to /g100_work/OGS_devC/camadio/GLOBIO/SEANOE_SAUZ//SFILES_FINAL_v2/discarded1/6901775/SD6901775_006.nc
Moving /g100_work/OGS_devC/camadio/GLOBIO/SEANOE_SAUZ//SFILES_FINAL_v2/6901775/SD6901775_007.nc to /g100_work/OGS_devC/camadio/GLOBIO/SEANOE_SAUZ//SFILES_FINAL_v2/discarded1/6901775/SD6901775_007.nc
Moving /g100_work/OGS_devC/camadio/GLOBIO/SEANOE_SAUZ//SFILES_FINAL_v2/6901775/SD6901775_008.nc to /g100_work/OGS_devC/camadio/GLOBIO/SEANOE_SAUZ//SFILES_FINAL_v2/discarded1/6901775/SD6901775_008.nc
Moving /g100_work/OGS_devC/camadio/GLOBIO/SEANOE_SAUZ//SFILES_FINAL_v2/6901775/SD6901775_009.nc to /g100_work/OGS_devC/camadio/GLOBIO/SEANOE_SAUZ//SFILES_FINAL_v2/discarded1/6901775/SD6901775_009.nc
Moving /g100_work/OGS_devC/camadio/GLOBIO/SEANOE_SAUZ//SFILES_FINAL_v2/6901775/SD6901775_010.nc to /g100_work/OGS_devC/camadio/GLOBIO/SEANOE_SAUZ//SFILES_FINAL_v2/discarded1/6901775/SD6901775_010.nc
Moving /g100_work/OGS_devC/camadio/GLOBIO/SEANOE_SAUZ//SFILES_FINAL_v2/6901775/SD6901775_011.nc to /g100_work/OGS_devC/camadio/GLOBIO/SEANOE_SAUZ//SFILES_FINAL_v2/discarded1/6901775/SD6901775_011.nc
Moving /g100_work/OGS_devC/camadio/GLOBIO/SEANOE_SAUZ//SFILES_FINAL_v2/6901775/SD6901775_012.nc to /g100_work/OGS_devC/camadio/GLOBIO/SEANOE_SAUZ//SFILES_FINAL_v2/discarded1/6901775/SD6901775_012.nc
Moving /g100_work/OGS_devC/camadio/GLOBIO/SEANOE_SAUZ//SFILES_FINAL_v2/6901775/SD6901775_013.nc to /g100_work/OGS_devC/camadio/GLOBIO/SEANOE_SAUZ//SFILES_FINAL_v2/discarded1/6901775/SD6901775_013.nc
Moving /g100_work/OGS_devC/camadio/GLOBIO/SEANOE_SAUZ//SFILES_FINAL_v2/6901775/SD6901775_014.nc to /g100_work/OGS_devC/camadio/GLOBIO/SEANOE_SAUZ//SFILES_FINAL_v2/discarded1/6901775/SD6901775_014.nc
Moving /g100_work/OGS_devC/camadio/GLOBIO/SEANOE_SAUZ//SFILES_FINAL_v2/6901775/SD6901775_016.nc to /g100_work/OGS_devC/camadio/GLOBIO/SEANOE_SAUZ//SFILES_FINAL_v2/discarded1/6901775/SD6901775_016.nc
Moving /g100_work/OGS_devC/camadio/GLOBIO/SEANOE_SAUZ//SFILES_FINAL_v2/6901775/SD6901775_017.nc to /g100_work/OGS_devC/camadio/GLOBIO/SEANOE_SAUZ//SFILES_FINAL_v2/discarded1/6901775/SD6901775_017.nc
Moving /g100_work/OGS_devC/camadio/GLOBIO/SEANOE_SAUZ//SFILES_FINAL_v2/6901775/SD6901775_018.nc to /g100_work/OGS_devC/camadio/GLOBIO/SEANOE_SAUZ//SFILES_FINAL_v2/discarded1/6901775/SD6901775_018.nc
Moving /g100_work/OGS_devC/camadio/GLOBIO/SEANOE_SAUZ//SFILES_FINAL_v2/6901775/SD6901775_019.nc to /g100_work/OGS_devC/camadio/GLOBIO/SEANOE_SAUZ//SFILES_FINAL_v2/discarded1/6901775/SD6901775_019.nc
Moving /g100_work/OGS_devC/camadio/GLOBIO/SEANOE_SAUZ//SFILES_FINAL_v2/6901775/SD6901775_020.nc to /g100_work/OGS_devC/camadio/GLOBIO/SEANOE_SAUZ//SFILES_FINAL_v2/discarded1/6901775/SD6901775_020.nc
Moving /g100_work/OGS_devC/camadio/GLOBIO/SEANOE_SAUZ//SFILES_FINAL_v2/6901775/SD6901775_021.nc to /g100_work/OGS_devC/camadio/GLOBIO/SEANOE_SAUZ//SFILES_FINAL_v2/discarded1/6901775/SD6901775_021.nc
PrEx Fri Jan 17 10:33:27 CET 2025   0< python 3_lev_discard_NC_files.py -i /g100_work/OGS_devC/camadio/GLOBIO/SEANOE_SAUZ//SFILES_FINAL_v2/ -o /g100_work/OGS_devC/camadio/GLOBIO/SEANOE_SAUZ//SFILES_FINAL_v2/discarded1/ -ifile /g100_work/OGS_devC/camadio/GLOBIO/SEANOE_SAUZ//SFILES_FINAL_v2/Discarded_PresTemp_noteq_PresSal.csv [ok]
PrEx Fri Jan 17 10:33:27 CET 2025    > python 3_lev_discard_NC_files.py -i /g100_work/OGS_devC/camadio/GLOBIO/SEANOE_SAUZ//SFILES_FINAL_v2/ -o /g100_work/OGS_devC/camadio/GLOBIO/SEANOE_SAUZ//SFILES_FINAL_v2/discarded2/ -ifile /g100_work/OGS_devC/camadio/GLOBIO/SEANOE_SAUZ//SFILES_FINAL_v2/BadPosition_latlon.csv
Moving /g100_work/OGS_devC/camadio/GLOBIO/SEANOE_SAUZ//SFILES_FINAL_v2/2902296/SR2902296_133.nc to /g100_work/OGS_devC/camadio/GLOBIO/SEANOE_SAUZ//SFILES_FINAL_v2/discarded2/2902296/SR2902296_133.nc
Moving /g100_work/OGS_devC/camadio/GLOBIO/SEANOE_SAUZ//SFILES_FINAL_v2/2902296/SR2902296_134.nc to /g100_work/OGS_devC/camadio/GLOBIO/SEANOE_SAUZ//SFILES_FINAL_v2/discarded2/2902296/SR2902296_134.nc
Moving /g100_work/OGS_devC/camadio/GLOBIO/SEANOE_SAUZ//SFILES_FINAL_v2/2902296/SR2902296_136.nc to /g100_work/OGS_devC/camadio/GLOBIO/SEANOE_SAUZ//SFILES_FINAL_v2/discarded2/2902296/SR2902296_136.nc
Moving /g100_work/OGS_devC/camadio/GLOBIO/SEANOE_SAUZ//SFILES_FINAL_v2/2902296/SR2902296_137.nc to /g100_work/OGS_devC/camadio/GLOBIO/SEANOE_SAUZ//SFILES_FINAL_v2/discarded2/2902296/SR2902296_137.nc
Moving /g100_work/OGS_devC/camadio/GLOBIO/SEANOE_SAUZ//SFILES_FINAL_v2/2902273/SD2902273_098.nc to /g100_work/OGS_devC/camadio/GLOBIO/SEANOE_SAUZ//SFILES_FINAL_v2/discarded2/2902273/SD2902273_098.nc
Moving /g100_work/OGS_devC/camadio/GLOBIO/SEANOE_SAUZ//SFILES_FINAL_v2/2902273/SD2902273_099.nc to /g100_work/OGS_devC/camadio/GLOBIO/SEANOE_SAUZ//SFILES_FINAL_v2/discarded2/2902273/SD2902273_099.nc
Moving /g100_work/OGS_devC/camadio/GLOBIO/SEANOE_SAUZ//SFILES_FINAL_v2/2902092/SD2902092_013.nc to /g100_work/OGS_devC/camadio/GLOBIO/SEANOE_SAUZ//SFILES_FINAL_v2/discarded2/2902092/SD2902092_013.nc
Moving /g100_work/OGS_devC/camadio/GLOBIO/SEANOE_SAUZ//SFILES_FINAL_v2/2902092/SD2902092_014.nc to /g100_work/OGS_devC/camadio/GLOBIO/SEANOE_SAUZ//SFILES_FINAL_v2/discarded2/2902092/SD2902092_014.nc
Moving /g100_work/OGS_devC/camadio/GLOBIO/SEANOE_SAUZ//SFILES_FINAL_v2/2902092/SD2902092_015.nc to /g100_work/OGS_devC/camadio/GLOBIO/SEANOE_SAUZ//SFILES_FINAL_v2/discarded2/2902092/SD2902092_015.nc
Moving /g100_work/OGS_devC/camadio/GLOBIO/SEANOE_SAUZ//SFILES_FINAL_v2/2902092/SD2902092_017.nc to /g100_work/OGS_devC/camadio/GLOBIO/SEANOE_SAUZ//SFILES_FINAL_v2/discarded2/2902092/SD2902092_017.nc
Moving /g100_work/OGS_devC/camadio/GLOBIO/SEANOE_SAUZ//SFILES_FINAL_v2/2902092/SD2902092_018.nc to /g100_work/OGS_devC/camadio/GLOBIO/SEANOE_SAUZ//SFILES_FINAL_v2/discarded2/2902092/SD2902092_018.nc
Moving /g100_work/OGS_devC/camadio/GLOBIO/SEANOE_SAUZ//SFILES_FINAL_v2/2902092/SD2902092_019.nc to /g100_work/OGS_devC/camadio/GLOBIO/SEANOE_SAUZ//SFILES_FINAL_v2/discarded2/2902092/SD2902092_019.nc
Moving /g100_work/OGS_devC/camadio/GLOBIO/SEANOE_SAUZ//SFILES_FINAL_v2/2902092/SD2902092_020.nc to /g100_work/OGS_devC/camadio/GLOBIO/SEANOE_SAUZ//SFILES_FINAL_v2/discarded2/2902092/SD2902092_020.nc
Moving /g100_work/OGS_devC/camadio/GLOBIO/SEANOE_SAUZ//SFILES_FINAL_v2/2902092/SD2902092_021.nc to /g100_work/OGS_devC/camadio/GLOBIO/SEANOE_SAUZ//SFILES_FINAL_v2/discarded2/2902092/SD2902092_021.nc
Moving /g100_work/OGS_devC/camadio/GLOBIO/SEANOE_SAUZ//SFILES_FINAL_v2/2902092/SD2902092_022.nc to /g100_work/OGS_devC/camadio/GLOBIO/SEANOE_SAUZ//SFILES_FINAL_v2/discarded2/2902092/SD2902092_022.nc
Moving /g100_work/OGS_devC/camadio/GLOBIO/SEANOE_SAUZ//SFILES_FINAL_v2/2902092/SD2902092_023.nc to /g100_work/OGS_devC/camadio/GLOBIO/SEANOE_SAUZ//SFILES_FINAL_v2/discarded2/2902092/SD2902092_023.nc
Moving /g100_work/OGS_devC/camadio/GLOBIO/SEANOE_SAUZ//SFILES_FINAL_v2/2902092/SD2902092_024.nc to /g100_work/OGS_devC/camadio/GLOBIO/SEANOE_SAUZ//SFILES_FINAL_v2/discarded2/2902092/SD2902092_024.nc
Moving /g100_work/OGS_devC/camadio/GLOBIO/SEANOE_SAUZ//SFILES_FINAL_v2/2902092/SD2902092_025.nc to /g100_work/OGS_devC/camadio/GLOBIO/SEANOE_SAUZ//SFILES_FINAL_v2/discarded2/2902092/SD2902092_025.nc
Moving /g100_work/OGS_devC/camadio/GLOBIO/SEANOE_SAUZ//SFILES_FINAL_v2/2902092/SD2902092_026.nc to /g100_work/OGS_devC/camadio/GLOBIO/SEANOE_SAUZ//SFILES_FINAL_v2/discarded2/2902092/SD2902092_026.nc
Moving /g100_work/OGS_devC/camadio/GLOBIO/SEANOE_SAUZ//SFILES_FINAL_v2/2902092/SD2902092_027.nc to /g100_work/OGS_devC/camadio/GLOBIO/SEANOE_SAUZ//SFILES_FINAL_v2/discarded2/2902092/SD2902092_027.nc
PrEx Fri Jan 17 10:33:27 CET 2025   0< python 3_lev_discard_NC_files.py -i /g100_work/OGS_devC/camadio/GLOBIO/SEANOE_SAUZ//SFILES_FINAL_v2/ -o /g100_work/OGS_devC/camadio/GLOBIO/SEANOE_SAUZ//SFILES_FINAL_v2/discarded2/ -ifile /g100_work/OGS_devC/camadio/GLOBIO/SEANOE_SAUZ//SFILES_FINAL_v2/BadPosition_latlon.csv [ok]
