

1. creo il Float_Index.txt senza applicare alcun filtro
Thu Jan  9 13:18:18 CET 2025
PrEx Thu Jan  9 13:18:18 CET 2025    > python 0_dump_index_init.py -i /g100_work/OGS_devC/camadio/GLOBIO/SEANOE_SAUZ//SFILES_FINAL_v2/ -o /g100_work/OGS_devC/camadio/GLOBIO/SEANOE_SAUZ//SFILES_FINAL_v2/Float_Index_0.txt -t superfloat -ocsv /g100_work/OGS_devC/camadio/GLOBIO/SEANOE_SAUZ//SFILES_FINAL_v2/BadPosition_latlon.csv
Bad position in file : 2902296/SR2902296_133.nc
Bad position in file : 2902296/SR2902296_134.nc
Bad position in file : 2902296/SR2902296_136.nc
Bad position in file : 2902296/SR2902296_137.nc
Bad position in file : 2902273/SD2902273_098.nc
Bad position in file : 2902273/SD2902273_099.nc
Bad position in file : 2902092/SD2902092_013.nc
Bad position in file : 2902092/SD2902092_014.nc
Bad position in file : 2902092/SD2902092_015.nc
Bad position in file : 2902092/SD2902092_017.nc
Bad position in file : 2902092/SD2902092_018.nc
Bad position in file : 2902092/SD2902092_019.nc
Bad position in file : 2902092/SD2902092_020.nc
Bad position in file : 2902092/SD2902092_021.nc
Bad position in file : 2902092/SD2902092_022.nc
Bad position in file : 2902092/SD2902092_023.nc
Bad position in file : 2902092/SD2902092_024.nc
Bad position in file : 2902092/SD2902092_025.nc
Bad position in file : 2902092/SD2902092_026.nc
Bad position in file : 2902092/SD2902092_027.nc
Bad position in file : 2902092/SD2902092_028.nc
Bad position in file : 2902092/SD2902092_029.nc
Bad position in file : 2902092/SD2902092_031.nc
Bad position in file : 2902092/SD2902092_032.nc
Bad position in file : 2902092/SD2902092_033.nc
Bad position in file : 2902092/SD2902092_034.nc
Bad position in file : 2902092/SD2902092_036.nc
Bad position in file : 2902092/SD2902092_037.nc
Bad position in file : 2902092/SD2902092_038.nc
Bad position in file : 2902092/SD2902092_040.nc
Bad position in file : 2902092/SD2902092_041.nc
Bad position in file : 2902092/SD2902092_042.nc
Bad position in file : 2902092/SD2902092_043.nc
Bad position in file : 2902092/SD2902092_056.nc
Bad position in file : 2902092/SD2902092_057.nc
Bad position in file : 2902092/SD2902092_058.nc
Bad position in file : 2902092/SD2902092_059.nc
Bad position in file : 2902092/SD2902092_060.nc
Bad position in file : 2902092/SD2902092_061.nc
Bad position in file : 2902092/SD2902092_062.nc
Bad position in file : 2902092/SD2902092_063.nc
Bad position in file : 2902092/SD2902092_064.nc
Bad position in file : 2902092/SD2902092_065.nc
Bad position in file : 2902092/SD2902092_066.nc
Bad position in file : 2902092/SD2902092_067.nc
Bad position in file : 2902092/SD2902092_075.nc
Bad position in file : 2902092/SD2902092_076.nc
Bad position in file : 2902092/SD2902092_077.nc
Bad position in file : 2902092/SD2902092_078.nc
Bad position in file : 2902092/SD2902092_079.nc
Bad position in file : 2902092/SD2902092_080.nc
Bad position in file : 2902092/SD2902092_092.nc
Bad position in file : 2902092/SD2902092_093.nc
Bad position in file : 2902092/SD2902092_094.nc
Bad position in file : 2902092/SD2902092_095.nc
Bad position in file : 2902092/SD2902092_096.nc
Bad position in file : 2902092/SD2902092_097.nc
Bad position in file : 2902092/SD2902092_098.nc
Bad position in file : 2902092/SD2902092_099.nc
Bad position in file : 2902092/SD2902092_100.nc
Bad position in file : 2902092/SD2902092_101.nc
Bad position in file : 2902092/SD2902092_102.nc
Bad position in file : 2902092/SD2902092_104.nc
Bad position in file : 2902092/SD2902092_105.nc
Bad position in file : 2902092/SD2902092_106.nc
Bad position in file : 2902092/SD2902092_108.nc
Bad position in file : 2902092/SD2902092_109.nc
Bad position in file : 2902092/SD2902092_110.nc
Bad position in file : 2902092/SD2902092_111.nc
Bad position in file : 2902092/SD2902092_112.nc
Bad position in file : 2902092/SD2902092_127.nc
Bad position in file : 2902092/SD2902092_128.nc
Bad position in file : 2902092/SD2902092_129.nc
Bad position in file : 2902092/SD2902092_130.nc
Bad position in file : 2902092/SD2902092_131.nc
Bad position in file : 2902092/SD2902092_132.nc
Bad position in file : 2902092/SD2902092_133.nc
Bad position in file : 2902092/SD2902092_134.nc
Bad position in file : 2902092/SD2902092_135.nc
Bad position in file : 2902092/SD2902092_136.nc
Bad position in file : 2902092/SD2902092_137.nc
Bad position in file : 2902092/SD2902092_138.nc
Bad position in file : 2902092/SD2902092_139.nc
Bad position in file : 2902092/SD2902092_148.nc
Bad position in file : 2902092/SD2902092_149.nc
Bad position in file : 2902199/SR2902199_099.nc
Bad position in file : 2902205/SR2902205_223.nc
Bad position in file : 2902210/SR2902210_153.nc
Bad position in file : 2902210/SR2902210_226.nc
Bad position in file : 2903354/SR2903354_200.nc
Bad position in file : 2903210/SR2903210_057.nc
Bad position in file : 2902275/SD2902275_068.nc
Bad position in file : 2902275/SD2902275_146.nc
Bad position in file : 2902275/SD2902275_250.nc
Bad position in file : 2903700/SR2903700_178.nc
Bad position in file : 6902548/SD6902548_235.nc
Bad position in file : 2902216/SR2902216_088.nc
Bad position in file : 2902216/SR2902216_244.nc
Bad position in file : 2903669/SR2903669_073.nc
Bad position in file : 6903094/SR6903094_141.nc
Bad position in file : 6903094/SR6903094_142.nc
Bad position in file : 6903094/SR6903094_143.nc
Bad position in file : 6903094/SR6903094_144.nc
Bad position in file : 6903094/SR6903094_145.nc
Bad position in file : 6903094/SR6903094_146.nc
Bad position in file : 6903094/SR6903094_147.nc
Bad position in file : 6903094/SR6903094_148.nc
Bad position in file : 2902215/SR2902215_080.nc
Bad position in file : 5906596/SR5906596_012.nc
Bad position in file : 5906596/SR5906596_014.nc
Bad position in file : 5906596/SR5906596_016.nc
Bad position in file : 5906596/SR5906596_027.nc
Bad position in file : 5906596/SR5906596_029.nc
Bad position in file : 5906596/SR5906596_033.nc
Bad position in file : 5906596/SR5906596_035.nc
Bad position in file : 5906596/SR5906596_037.nc
Bad position in file : 6902896/SD6902896_109.nc
Bad position in file : 6902896/SD6902896_111.nc
Bad position in file : 6902896/SD6902896_112.nc
Bad position in file : 6902896/SD6902896_113.nc
Bad position in file : 6902896/SD6902896_114.nc
Bad position in file : 6902896/SD6902896_115.nc
Bad position in file : 1901338/SD1901338_739.nc
Bad position in file : 2902189/SR2902189_109.nc
Bad position in file : 2902189/SR2902189_132.nc
Bad position in file : 2902189/SR2902189_138.nc
Bad position in file : 2902189/SR2902189_140.nc
Bad position in file : 2902294/SD2902294_025.nc
Bad position in file : 2902270/SD2902270_020.nc
Bad position in file : 2902270/SD2902270_021.nc
Bad position in file : 6902967/SD6902967_127.nc
Bad position in file : 6902967/SD6902967_129.nc
Bad position in file : 6902967/SD6902967_130.nc
Bad position in file : 6902967/SD6902967_131.nc
Bad position in file : 6902967/SD6902967_132.nc
Bad position in file : 6902967/SD6902967_133.nc
Bad position in file : 6902967/SD6902967_134.nc
Bad position in file : 6902967/SD6902967_135.nc
Bad position in file : 6902967/SD6902967_136.nc
Bad position in file : 7900947/SR7900947_023.nc
Bad position in file : 6903552/SD6903552_101.nc
Bad position in file : 6903552/SD6903552_102.nc
Bad position in file : 6903552/SD6903552_103.nc
Bad position in file : 6903552/SD6903552_104.nc
Bad position in file : 6903552/SD6903552_105.nc
Bad position in file : 6903552/SD6903552_106.nc
Bad position in file : 6903552/SR6903552_227.nc
Bad position in file : 6903552/SR6903552_228.nc
Bad position in file : 6903552/SR6903552_229.nc
Bad position in file : 6903552/SR6903552_230.nc
Bad position in file : 6903552/SR6903552_231.nc
Bad position in file : 6903552/SR6903552_232.nc
Bad position in file : 6903552/SR6903552_233.nc
Bad position in file : 2902178/SD2902178_082.nc
Bad position in file : 2902178/SD2902178_157.nc
Bad position in file : 2902193/SR2902193_163.nc
Bad position in file : 2902297/SD2902297_104.nc
Bad position in file : 2902297/SD2902297_105.nc
Bad position in file : 2902297/SD2902297_107.nc
Bad position in file : 2902297/SD2902297_108.nc
Bad position in file : 2902297/SD2902297_109.nc
Bad position in file : 2902297/SD2902297_110.nc
Bad position in file : 2902297/SD2902297_111.nc
Bad position in file : 2902297/SD2902297_112.nc
Bad position in file : 2902297/SD2902297_113.nc
Bad position in file : 2902297/SD2902297_114.nc
Bad position in file : 2902297/SD2902297_115.nc
Bad position in file : 2902297/SD2902297_116.nc
Bad position in file : 2902297/SR2902297_123.nc
Bad position in file : 2902297/SR2902297_124.nc
Bad position in file : 2902297/SR2902297_125.nc
Bad position in file : 2902202/SR2902202_095.nc
Bad position in file : 2902202/SR2902202_266.nc
Bad position in file : 2903672/SR2903672_020.nc
Bad position in file : 2903672/SR2903672_022.nc
Bad position in file : 2903672/SR2903672_023.nc
Bad position in file : 2903672/SR2903672_025.nc
Bad position in file : 2903672/SR2903672_030.nc
Bad position in file : 2903672/SR2903672_032.nc
Bad position in file : 2903672/SR2903672_034.nc
Bad position in file : 2903672/SR2903672_035.nc
Bad position in file : 2903672/SR2903672_039.nc
Bad position in file : 2903672/SR2903672_041.nc
Bad position in file : 2903672/SR2903672_043.nc
Bad position in file : 2903672/SR2903672_045.nc
Bad position in file : 2903672/SR2903672_048.nc
Bad position in file : 2903672/SR2903672_050.nc
Bad position in file : 2903672/SR2903672_052.nc
Bad position in file : 2903672/SR2903672_059.nc
Bad position in file : 2903672/SR2903672_061.nc
Bad position in file : 2903672/SR2903672_063.nc
Bad position in file : 2903672/SR2903672_065.nc
Bad position in file : 2903672/SR2903672_067.nc
Bad position in file : 2903672/SR2903672_070.nc
Bad position in file : 2903672/SR2903672_072.nc
Bad position in file : 2903672/SR2903672_074.nc
Bad position in file : 2903672/SR2903672_076.nc
Bad position in file : 2903672/SR2903672_080.nc
Bad position in file : 2903672/SR2903672_086.nc
Bad position in file : 2903672/SR2903672_088.nc
Bad position in file : 2903672/SR2903672_090.nc
Bad position in file : 2903672/SR2903672_092.nc
Bad position in file : 2903672/SR2903672_094.nc
Bad position in file : 2903672/SR2903672_096.nc
Bad position in file : 2903672/SR2903672_098.nc
Bad position in file : 2903672/SR2903672_099.nc
Bad position in file : 2903672/SR2903672_105.nc
Bad position in file : 2903672/SR2903672_107.nc
Bad position in file : 2903672/SR2903672_113.nc
Bad position in file : 2903672/SR2903672_115.nc
Bad position in file : 2903672/SR2903672_117.nc
Bad position in file : 2903672/SR2903672_119.nc
Bad position in file : 2903672/SR2903672_121.nc
Bad position in file : 2903672/SR2903672_123.nc
Bad position in file : 2903672/SR2903672_131.nc
Bad position in file : 2903672/SR2903672_133.nc
Bad position in file : 2902276/SD2902276_143.nc
Bad position in file : 2902276/SD2902276_147.nc
Bad position in file : 2902276/SD2902276_148.nc
Bad position in file : 2902276/SD2902276_150.nc
Bad position in file : 2902276/SD2902276_151.nc
Bad position in file : 2902276/SD2902276_154.nc
Bad position in file : 2902276/SR2902276_155.nc
Bad position in file : 2902276/SR2902276_156.nc
Bad position in file : 2902276/SR2902276_158.nc
Bad position in file : 2902276/SR2902276_162.nc
Bad position in file : 2902276/SR2902276_163.nc
Bad position in file : 6902829/SD6902829_102.nc
Bad position in file : 6902829/SD6902829_103.nc
Bad position in file : 6902829/SD6902829_104.nc
Bad position in file : 2902196/SR2902196_078.nc
Bad position in file : 2902196/SR2902196_111.nc
Bad position in file : 2902196/SR2902196_130.nc
Bad position in file : 2902295/SD2902295_115.nc
Bad position in file : 2902295/SD2902295_116.nc
Bad position in file : 2902295/SD2902295_117.nc
Bad position in file : 2902295/SD2902295_118.nc
Bad position in file : 2902295/SD2902295_119.nc
Bad position in file : 2902295/SD2902295_120.nc
Bad position in file : 2902295/SD2902295_121.nc
Bad position in file : 2902295/SD2902295_124.nc
Bad position in file : 2902295/SD2902295_125.nc
Bad position in file : 2902295/SR2902295_123.nc
Bad position in file : 2902295/SR2902295_126.nc
Bad position in file : 2902295/SR2902295_127.nc
Bad position in file : 2902295/SR2902295_128.nc
Bad position in file : 2902295/SR2902295_129.nc
Bad position in file : 2902295/SR2902295_130.nc
Bad position in file : 2902295/SR2902295_131.nc
Bad position in file : 2902295/SR2902295_134.nc
Bad position in file : 2902295/SR2902295_135.nc
Bad position in file : 2902295/SR2902295_136.nc
Bad position in file : 2902295/SR2902295_137.nc
Bad position in file : 2902295/SR2902295_138.nc
Bad position in file : 2902295/SR2902295_139.nc
Bad position in file : 2902295/SR2902295_140.nc
Bad position in file : 2902295/SR2902295_141.nc
PrEx Thu Jan  9 13:43:37 CET 2025   0< python 0_dump_index_init.py -i /g100_work/OGS_devC/camadio/GLOBIO/SEANOE_SAUZ//SFILES_FINAL_v2/ -o /g100_work/OGS_devC/camadio/GLOBIO/SEANOE_SAUZ//SFILES_FINAL_v2/Float_Index_0.txt -t superfloat -ocsv /g100_work/OGS_devC/camadio/GLOBIO/SEANOE_SAUZ//SFILES_FINAL_v2/BadPosition_latlon.csv [ok]
Thu Jan  9 13:43:37 CET 2025


